<?xml version="1.0" encoding="UTF-8"?>
<testsuite name="run.ThemeParkApplicationIT" tests="4" skipped="0" failures="0" errors="0" timestamp="2020-11-18T02:03:50" hostname="DESKTOP-1RBLR2I" time="0.623">
  <properties/>
  <testcase name="getsAllRides" classname="run.ThemeParkApplicationIT" time="0.466"/>
  <testcase name="getsSingleRide" classname="run.ThemeParkApplicationIT" time="0.038"/>
  <testcase name="returnsNotFoundForInvalidSingleRide" classname="run.ThemeParkApplicationIT" time="0.014"/>
  <testcase name="addsNewRide" classname="run.ThemeParkApplicationIT" time="0.102"/>
  <system-out><![CDATA[21:03:42.194 [Test worker] DEBUG org.springframework.test.annotation.ProfileValueUtils - Retrieved @ProfileValueSourceConfiguration [null] for test class [run.ThemeParkApplicationIT]
21:03:42.194 [Test worker] DEBUG org.springframework.test.annotation.ProfileValueUtils - Retrieved ProfileValueSource type [class org.springframework.test.annotation.SystemProfileValueSource] for class [run.ThemeParkApplicationIT]
21:03:42.195 [Test worker] DEBUG org.springframework.test.annotation.ProfileValueUtils - Retrieved @ProfileValueSourceConfiguration [null] for test class [run.ThemeParkApplicationIT]
21:03:42.195 [Test worker] DEBUG org.springframework.test.annotation.ProfileValueUtils - Retrieved ProfileValueSource type [class org.springframework.test.annotation.SystemProfileValueSource] for class [run.ThemeParkApplicationIT]
21:03:42.205 [Test worker] DEBUG org.springframework.test.context.support.AbstractDirtiesContextTestExecutionListener - Before test class: context [DefaultTestContext@34df81ad testClass = ThemeParkApplicationIT, testInstance = [null], testMethod = [null], testException = [null], mergedContextConfiguration = [WebMergedContextConfiguration@29ba06e1 testClass = ThemeParkApplicationIT, locations = '{}', classes = '{class run.ThemeParkApplication}', contextInitializerClasses = '[]', activeProfiles = '{}', propertySourceLocations = '{}', propertySourceProperties = '{org.springframework.boot.test.context.SpringBootTestContextBootstrapper=true}', contextCustomizers = set[org.springframework.boot.test.autoconfigure.properties.PropertyMappingContextCustomizer@4b3fa0b3, org.springframework.boot.test.autoconfigure.web.servlet.WebDriverContextCustomizerFactory$Customizer@44b02c54, [ImportsContextCustomizer@6f943a2d key = [org.springframework.boot.test.autoconfigure.web.servlet.MockMvcAutoConfiguration, org.springframework.boot.test.autoconfigure.web.servlet.MockMvcWebClientAutoConfiguration, org.springframework.boot.test.autoconfigure.web.servlet.MockMvcWebDriverAutoConfiguration, org.springframework.boot.autoconfigure.security.oauth2.client.servlet.OAuth2ClientAutoConfiguration, org.springframework.boot.autoconfigure.security.oauth2.resource.servlet.OAuth2ResourceServerAutoConfiguration, org.springframework.boot.autoconfigure.security.servlet.SecurityAutoConfiguration, org.springframework.boot.autoconfigure.security.servlet.SecurityFilterAutoConfiguration, org.springframework.boot.autoconfigure.security.servlet.UserDetailsServiceAutoConfiguration, org.springframework.boot.test.autoconfigure.web.servlet.MockMvcSecurityConfiguration]], org.springframework.boot.test.context.filter.ExcludeFilterContextCustomizer@9bc23f6, org.springframework.boot.test.json.DuplicateJsonObjectContextCustomizerFactory$DuplicateJsonObjectContextCustomizer@5e62a297, org.springframework.boot.test.mock.mockito.MockitoContextCustomizer@0, org.springframework.boot.test.web.client.TestRestTemplateContextCustomizer@382f4d88, org.springframework.boot.test.context.SpringBootTestArgs@1], resourceBasePath = 'src/main/webapp', contextLoader = 'org.springframework.boot.test.context.SpringBootContextLoader', parent = [null]], attributes = map['org.springframework.test.context.web.ServletTestExecutionListener.activateListener' -> true]], class annotated with @DirtiesContext [false] with mode [null].
21:03:42.207 [Test worker] DEBUG org.springframework.test.annotation.ProfileValueUtils - Retrieved @ProfileValueSourceConfiguration [null] for test class [run.ThemeParkApplicationIT]
21:03:42.207 [Test worker] DEBUG org.springframework.test.annotation.ProfileValueUtils - Retrieved ProfileValueSource type [class org.springframework.test.annotation.SystemProfileValueSource] for class [run.ThemeParkApplicationIT]
21:03:42.240 [Test worker] DEBUG org.springframework.test.context.support.TestPropertySourceUtils - Adding inlined properties to environment: {spring.jmx.enabled=false, org.springframework.boot.test.context.SpringBootTestContextBootstrapper=true}

  .   ____          _            __ _ _
 /\\ / ___'_ __ _ _(_)_ __  __ _ \ \ \ \
( ( )\___ | '_ | '_| | '_ \/ _` | \ \ \ \
 \\/  ___)| |_)| | | | | || (_| |  ) ) ) )
  '  |____| .__|_| |_|_| |_\__, | / / / /
 =========|_|==============|___/=/_/_/_/
 :: Spring Boot ::        (v2.3.4.RELEASE)

2020-11-17 21:03:42.755  INFO 8196 --- [    Test worker] run.ThemeParkApplicationIT               : Starting ThemeParkApplicationIT on DESKTOP-1RBLR2I with PID 8196 (started by Vadym in C:\Users\Vadym\IdeaProjects\Studying\spring-boot-jenkins-docker)
2020-11-17 21:03:42.855  INFO 8196 --- [    Test worker] run.ThemeParkApplicationIT               : No active profile set, falling back to default profiles: default
2020-11-17 21:03:44.530  INFO 8196 --- [    Test worker] .s.d.r.c.RepositoryConfigurationDelegate : Bootstrapping Spring Data JPA repositories in DEFERRED mode.
2020-11-17 21:03:44.620  INFO 8196 --- [    Test worker] .s.d.r.c.RepositoryConfigurationDelegate : Finished Spring Data repository scanning in 79ms. Found 1 JPA repository interfaces.
2020-11-17 21:03:45.412  INFO 8196 --- [    Test worker] o.s.s.concurrent.ThreadPoolTaskExecutor  : Initializing ExecutorService 'applicationTaskExecutor'
2020-11-17 21:03:45.434  INFO 8196 --- [    Test worker] com.zaxxer.hikari.HikariDataSource       : HikariPool-1 - Starting...
2020-11-17 21:03:45.672  INFO 8196 --- [    Test worker] com.zaxxer.hikari.HikariDataSource       : HikariPool-1 - Start completed.
2020-11-17 21:03:45.788  INFO 8196 --- [         task-1] o.hibernate.jpa.internal.util.LogHelper  : HHH000204: Processing PersistenceUnitInfo [name: default]
2020-11-17 21:03:45.927  INFO 8196 --- [         task-1] org.hibernate.Version                    : HHH000412: Hibernate ORM core version 5.4.21.Final
2020-11-17 21:03:46.372  INFO 8196 --- [         task-1] o.hibernate.annotations.common.Version   : HCANN000001: Hibernate Commons Annotations {5.1.0.Final}
2020-11-17 21:03:46.443  WARN 8196 --- [    Test worker] JpaBaseConfiguration$JpaWebConfiguration : spring.jpa.open-in-view is enabled by default. Therefore, database queries may be performed during view rendering. Explicitly configure spring.jpa.open-in-view to disable this warning
2020-11-17 21:03:46.786  INFO 8196 --- [         task-1] org.hibernate.dialect.Dialect            : HHH000400: Using dialect: org.hibernate.dialect.H2Dialect
2020-11-17 21:03:48.770  INFO 8196 --- [         task-1] o.h.e.t.j.p.i.JtaPlatformInitiator       : HHH000490: Using JtaPlatform implementation: [org.hibernate.engine.transaction.jta.platform.internal.NoJtaPlatform]
2020-11-17 21:03:48.781  INFO 8196 --- [         task-1] j.LocalContainerEntityManagerFactoryBean : Initialized JPA EntityManagerFactory for persistence unit 'default'
2020-11-17 21:03:49.246  INFO 8196 --- [    Test worker] o.s.b.t.m.w.SpringBootMockServletContext : Initializing Spring TestDispatcherServlet ''
2020-11-17 21:03:49.247  INFO 8196 --- [    Test worker] o.s.t.web.servlet.TestDispatcherServlet  : Initializing Servlet ''
2020-11-17 21:03:49.313  INFO 8196 --- [    Test worker] o.s.b.a.e.web.EndpointLinksResolver      : Exposing 2 endpoint(s) beneath base path '/actuator'
2020-11-17 21:03:49.409  INFO 8196 --- [    Test worker] o.s.t.web.servlet.TestDispatcherServlet  : Completed initialization in 162 ms
2020-11-17 21:03:49.454  INFO 8196 --- [    Test worker] DeferredRepositoryInitializationListener : Triggering deferred initialization of Spring Data repositoriesâ€¦
2020-11-17 21:03:49.884  INFO 8196 --- [    Test worker] DeferredRepositoryInitializationListener : Spring Data repositories initialized!
2020-11-17 21:03:49.902  INFO 8196 --- [    Test worker] run.ThemeParkApplicationIT               : Started ThemeParkApplicationIT in 7.648 seconds (JVM running for 11.221)
]]></system-out>
  <system-err><![CDATA[]]></system-err>
</testsuite>
